# JRE version: Java(TM) SE Runtime Environment (17.0.12+8) (build 17.0.12+8-LTS-286)
# Java VM: Java HotSpot(TM) 64-Bit Server VM (17.0.12+8-LTS-286, mixed mode, sharing, tiered, compressed oops, compressed class ptrs, g1 gc, windows-amd64)
GC Precious Log:
 CPUs: 8 total, 8 available
 Memory: 3578M
 Large Page Support: Disabled
 NUMA Support: Disabled
 Compressed Oops: Enabled (32-bit)
 Heap Region Size: 1M
 Heap Min Capacity: 8M
 Heap Initial Capacity: 56M
 Heap Max Capacity: 896M
 Pre-touch: Disabled
 Parallel Workers: 8
 Concurrent Workers: 2
 Concurrent Refinement Workers: 8
 Periodic GC: Disabled
Heap:
 garbage-first heap   total 55296K, used 31820K [0x00000000c8000000, 0x0000000100000000)
  region size 1024K, 2 young (2048K), 1 survivors (1024K)
 Metaspace       used 63177K, committed 63808K, reserved 1114112K
  class space    used 8755K, committed 9024K, reserved 1048576K
GC Heap History (20 events):
Event: 10.149 GC heap before
{Heap before GC invocations=13 (full 0):
 garbage-first heap   total 51200K, used 39729K [0x00000000c8000000, 0x0000000100000000)
  region size 1024K, 18 young (18432K), 2 survivors (2048K)
 Metaspace       used 43155K, committed 43648K, reserved 1114112K
  class space    used 5810K, committed 6080K, reserved 1048576K
}
Event: 10.153 GC heap after
{Heap after GC invocations=14 (full 0):
 garbage-first heap   total 51200K, used 24362K [0x00000000c8000000, 0x0000000100000000)
  region size 1024K, 3 young (3072K), 3 survivors (3072K)
 Metaspace       used 43155K, committed 43648K, reserved 1114112K
  class space    used 5810K, committed 6080K, reserved 1048576K
}
Event: 11.158 GC heap before
{Heap before GC invocations=14 (full 0):
 garbage-first heap   total 51200K, used 40746K [0x00000000c8000000, 0x0000000100000000)
  region size 1024K, 19 young (19456K), 3 survivors (3072K)
 Metaspace       used 46285K, committed 46784K, reserved 1114112K
  class space    used 6343K, committed 6592K, reserved 1048576K
}
Event: 11.161 GC heap after
{Heap after GC invocations=15 (full 0):
 garbage-first heap   total 51200K, used 25461K [0x00000000c8000000, 0x0000000100000000)
  region size 1024K, 3 young (3072K), 3 survivors (3072K)
 Metaspace       used 46285K, committed 46784K, reserved 1114112K
  class space    used 6343K, committed 6592K, reserved 1048576K
}
Event: 12.134 GC heap before
{Heap before GC invocations=15 (full 0):
 garbage-first heap   total 51200K, used 39797K [0x00000000c8000000, 0x0000000100000000)
  region size 1024K, 18 young (18432K), 3 survivors (3072K)
 Metaspace       used 49773K, committed 50368K, reserved 1114112K
  class space    used 6835K, committed 7104K, reserved 1048576K
}
Event: 12.137 GC heap after
{Heap after GC invocations=16 (full 0):
 garbage-first heap   total 51200K, used 26233K [0x00000000c8000000, 0x0000000100000000)
  region size 1024K, 2 young (2048K), 2 survivors (2048K)
 Metaspace       used 49773K, committed 50368K, reserved 1114112K
  class space    used 6835K, committed 7104K, reserved 1048576K
}
Event: 13.284 GC heap before
{Heap before GC invocations=17 (full 0):
 garbage-first heap   total 51200K, used 40569K [0x00000000c8000000, 0x0000000100000000)
  region size 1024K, 17 young (17408K), 2 survivors (2048K)
 Metaspace       used 54074K, committed 54656K, reserved 1114112K
  class space    used 7349K, committed 7616K, reserved 1048576K
}
Event: 13.287 GC heap after
{Heap after GC invocations=18 (full 0):
 garbage-first heap   total 51200K, used 26716K [0x00000000c8000000, 0x0000000100000000)
  region size 1024K, 2 young (2048K), 2 survivors (2048K)
 Metaspace       used 54074K, committed 54656K, reserved 1114112K
  class space    used 7349K, committed 7616K, reserved 1048576K
}
Event: 13.793 GC heap before
{Heap before GC invocations=18 (full 0):
 garbage-first heap   total 51200K, used 40028K [0x00000000c8000000, 0x0000000100000000)
  region size 1024K, 16 young (16384K), 2 survivors (2048K)
 Metaspace       used 56664K, committed 57216K, reserved 1114112K
  class space    used 7820K, committed 8064K, reserved 1048576K
}
Event: 13.796 GC heap after
{Heap after GC invocations=19 (full 0):
 garbage-first heap   total 51200K, used 27762K [0x00000000c8000000, 0x0000000100000000)
  region size 1024K, 2 young (2048K), 2 survivors (2048K)
 Metaspace       used 56664K, committed 57216K, reserved 1114112K
  class space    used 7820K, committed 8064K, reserved 1048576K
}
Event: 14.388 GC heap before
{Heap before GC invocations=20 (full 0):
 garbage-first heap   total 51200K, used 42098K [0x00000000c8000000, 0x0000000100000000)
  region size 1024K, 16 young (16384K), 2 survivors (2048K)
 Metaspace       used 58578K, committed 59072K, reserved 1114112K
  class space    used 8100K, committed 8320K, reserved 1048576K
}
Event: 14.391 GC heap after
{Heap after GC invocations=21 (full 0):
 garbage-first heap   total 51200K, used 28894K [0x00000000c8000000, 0x0000000100000000)
  region size 1024K, 2 young (2048K), 2 survivors (2048K)
 Metaspace       used 58578K, committed 59072K, reserved 1114112K
  class space    used 8100K, committed 8320K, reserved 1048576K
}
Event: 14.974 GC heap before
{Heap before GC invocations=21 (full 0):
 garbage-first heap   total 51200K, used 41182K [0x00000000c8000000, 0x0000000100000000)
  region size 1024K, 14 young (14336K), 2 survivors (2048K)
 Metaspace       used 59934K, committed 60416K, reserved 1114112K
  class space    used 8298K, committed 8512K, reserved 1048576K
}
Event: 14.977 GC heap after
{Heap after GC invocations=22 (full 0):
 garbage-first heap   total 51200K, used 30579K [0x00000000c8000000, 0x0000000100000000)
  region size 1024K, 2 young (2048K), 2 survivors (2048K)
 Metaspace       used 59934K, committed 60416K, reserved 1114112K
  class space    used 8298K, committed 8512K, reserved 1048576K
}
Event: 16.494 GC heap before
{Heap before GC invocations=23 (full 0):
 garbage-first heap   total 55296K, used 40819K [0x00000000c8000000, 0x0000000100000000)
  region size 1024K, 12 young (12288K), 2 survivors (2048K)
 Metaspace       used 61648K, committed 62208K, reserved 1114112K
  class space    used 8570K, committed 8832K, reserved 1048576K
}
Event: 16.497 GC heap after
{Heap after GC invocations=24 (full 0):
 garbage-first heap   total 55296K, used 31254K [0x00000000c8000000, 0x0000000100000000)
  region size 1024K, 1 young (1024K), 1 survivors (1024K)
 Metaspace       used 61648K, committed 62208K, reserved 1114112K
  class space    used 8570K, committed 8832K, reserved 1048576K
}
Event: 16.528 GC heap before
{Heap before GC invocations=24 (full 0):
 garbage-first heap   total 55296K, used 32278K [0x00000000c8000000, 0x0000000100000000)
  region size 1024K, 2 young (2048K), 1 survivors (1024K)
 Metaspace       used 61885K, committed 62464K, reserved 1114112K
  class space    used 8603K, committed 8896K, reserved 1048576K
}
Event: 16.531 GC heap after
{Heap after GC invocations=25 (full 0):
 garbage-first heap   total 55296K, used 31310K [0x00000000c8000000, 0x0000000100000000)
  region size 1024K, 1 young (1024K), 1 survivors (1024K)
 Metaspace       used 61885K, committed 62464K, reserved 1114112K
  class space    used 8603K, committed 8896K, reserved 1048576K
}
Event: 331.534 GC heap before
{Heap before GC invocations=25 (full 0):
 garbage-first heap   total 55296K, used 43598K [0x00000000c8000000, 0x0000000100000000)
  region size 1024K, 13 young (13312K), 1 survivors (1024K)
 Metaspace       used 63176K, committed 63808K, reserved 1114112K
  class space    used 8755K, committed 9024K, reserved 1048576K
}
Event: 331.672 GC heap after
{Heap after GC invocations=26 (full 0):
 garbage-first heap   total 55296K, used 31820K [0x00000000c8000000, 0x0000000100000000)
  region size 1024K, 1 young (1024K), 1 survivors (1024K)
 Metaspace       used 63176K, committed 63808K, reserved 1114112K
  class space    used 8755K, committed 9024K, reserved 1048576K
}

